TN:
SF:src\About.jsx
FN:5,(anonymous_0)
FNF:1
FNH:1
FNDA:1,(anonymous_0)
DA:5,1
DA:6,1
LF:2
LH:2
BRF:0
BRH:0
end_of_record
TN:
SF:src\components\Circle.jsx
FN:1,Circle
FNF:1
FNH:1
FNDA:1,Circle
DA:2,1
LF:1
LH:1
BRF:0
BRH:0
end_of_record
TN:
SF:src\components\LoginHeader.jsx
FN:3,LoginHeader
FN:12,(anonymous_1)
FN:13,(anonymous_2)
FN:14,(anonymous_3)
FNF:4
FNH:4
FNDA:2,LoginHeader
FNDA:1,(anonymous_1)
FNDA:1,(anonymous_2)
FNDA:1,(anonymous_3)
DA:4,2
DA:6,2
DA:12,1
DA:13,1
DA:14,1
LF:5
LH:5
BRF:0
BRH:0
end_of_record
TN:
SF:src\components\Notification.jsx
FN:4,Notification
FN:8,(anonymous_1)
FNF:2
FNH:2
FNDA:7,Notification
FNDA:4,(anonymous_1)
DA:5,7
DA:6,7
DA:8,7
DA:9,4
DA:10,4
DA:11,4
DA:12,1
DA:13,1
DA:16,3
DA:26,2
DA:27,1
DA:29,1
DA:30,1
DA:33,1
DA:36,1
DA:41,7
LF:16
LH:16
BRDA:9,0,0,4
BRDA:9,0,1,0
BRDA:11,1,0,1
BRDA:11,1,1,3
BRDA:26,2,0,1
BRDA:26,2,1,1
BRDA:29,3,0,1
BRDA:29,3,1,0
BRDA:44,4,0,2
BRDA:44,4,1,5
BRDA:48,5,0,2
BRDA:48,5,1,5
BRDA:58,6,0,7
BRDA:58,6,1,5
BRDA:78,7,0,2
BRDA:78,7,1,5
BRDA:83,8,0,7
BRDA:83,8,1,0
BRF:18
BRH:15
end_of_record
TN:
SF:src\pages\Admin\AddUser.jsx
FN:9,generarHash
FN:14,(anonymous_1)
FN:18,AddUser
FN:19,(anonymous_3)
FN:33,(anonymous_4)
FN:37,(anonymous_5)
FN:108,(anonymous_6)
FN:115,(anonymous_7)
FN:124,(anonymous_8)
FN:137,(anonymous_9)
FN:143,(anonymous_10)
FN:149,(anonymous_11)
FNF:12
FNH:10
FNDA:1,generarHash
FNDA:0,(anonymous_1)
FNDA:19,AddUser
FNDA:6,(anonymous_3)
FNDA:3,(anonymous_4)
FNDA:6,(anonymous_5)
FNDA:3,(anonymous_6)
FNDA:3,(anonymous_7)
FNDA:95,(anonymous_8)
FNDA:3,(anonymous_9)
FNDA:3,(anonymous_10)
FNDA:0,(anonymous_11)
DA:10,1
DA:11,1
DA:12,1
DA:13,0
DA:14,0
DA:15,0
DA:19,19
DA:20,6
DA:23,19
DA:24,19
DA:25,19
DA:26,19
DA:27,19
DA:28,19
DA:29,19
DA:30,19
DA:33,19
DA:34,3
DA:37,19
DA:38,6
DA:39,1
DA:40,1
DA:41,5
DA:42,1
DA:43,1
DA:44,4
DA:45,1
DA:46,1
DA:47,3
DA:48,1
DA:49,1
DA:50,2
DA:51,1
DA:52,1
DA:55,1
DA:56,1
DA:57,0
DA:66,0
DA:67,0
DA:71,0
DA:76,0
DA:77,0
DA:78,0
DA:79,0
DA:81,1
DA:85,19
DA:108,3
DA:115,3
DA:125,95
DA:137,3
DA:143,3
DA:149,0
LF:52
LH:40
BRDA:38,0,0,1
BRDA:38,0,1,5
BRDA:41,1,0,1
BRDA:41,1,1,4
BRDA:44,2,0,1
BRDA:44,2,1,3
BRDA:47,3,0,1
BRDA:47,3,1,2
BRDA:50,4,0,1
BRDA:50,4,1,1
BRDA:50,5,0,2
BRDA:50,5,1,1
BRDA:66,6,0,0
BRDA:66,6,1,0
BRDA:147,7,0,4
BRDA:147,7,1,15
BRDA:149,8,0,4
BRDA:149,8,1,15
BRF:18
BRH:16
end_of_record
TN:
SF:src\pages\Admin\AdminMain.jsx
FN:18,AdminMain
FN:37,(anonymous_1)
FN:53,(anonymous_2)
FN:57,(anonymous_3)
FN:74,(anonymous_4)
FN:79,(anonymous_5)
FNF:6
FNH:5
FNDA:8,AdminMain
FNDA:8,(anonymous_1)
FNDA:1,(anonymous_2)
FNDA:1,(anonymous_3)
FNDA:0,(anonymous_4)
FNDA:1,(anonymous_5)
DA:13,1
DA:24,8
DA:25,8
DA:26,8
DA:27,8
DA:28,8
DA:37,8
DA:38,8
DA:40,6
DA:44,1
DA:46,1
DA:50,8
DA:53,1
DA:58,1
DA:59,1
DA:74,0
DA:79,1
LF:17
LH:16
BRDA:19,0,0,7
BRDA:20,1,0,6
BRDA:21,2,0,6
BRDA:22,3,0,6
BRDA:38,4,0,6
BRDA:38,4,1,1
BRDA:38,4,2,1
BRDA:52,5,0,8
BRDA:52,5,1,1
BRDA:56,6,0,8
BRDA:56,6,1,1
BRF:11
BRH:11
end_of_record
TN:
SF:src\pages\Admin\ReportesUsuarios.jsx
FN:7,ReportesUsuarios
FN:10,(anonymous_1)
FN:11,(anonymous_2)
FN:47,(anonymous_3)
FN:48,(anonymous_4)
FNF:5
FNH:5
FNDA:4,ReportesUsuarios
FNDA:3,(anonymous_1)
FNDA:3,(anonymous_2)
FNDA:1,(anonymous_3)
FNDA:2,(anonymous_4)
DA:8,4
DA:9,4
DA:10,4
DA:11,3
DA:12,3
DA:13,3
DA:18,2
DA:19,2
DA:20,2
DA:22,1
DA:26,3
DA:29,4
DA:47,1
DA:49,2
LF:14
LH:14
BRDA:45,0,0,1
BRDA:45,0,1,3
BRDA:45,1,0,4
BRDA:45,1,1,4
BRDA:50,2,0,2
BRDA:50,2,1,0
BRF:6
BRH:5
end_of_record
TN:
SF:src\pages\Admin\roles.js
FNF:0
FNH:0
DA:1,1
LF:1
LH:1
BRF:0
BRH:0
end_of_record
TN:
SF:src\pages\Client\ClientMain.jsx
FN:23,ClientMain
FN:28,(anonymous_1)
FN:50,(anonymous_2)
FN:62,(anonymous_3)
FN:68,(anonymous_4)
FN:74,(anonymous_5)
FN:80,(anonymous_6)
FN:86,(anonymous_7)
FN:92,(anonymous_8)
FNF:9
FNH:9
FNDA:11,ClientMain
FNDA:11,(anonymous_1)
FNDA:1,(anonymous_2)
FNDA:1,(anonymous_3)
FNDA:1,(anonymous_4)
FNDA:1,(anonymous_5)
FNDA:1,(anonymous_6)
FNDA:1,(anonymous_7)
FNDA:1,(anonymous_8)
DA:21,1
DA:24,11
DA:25,11
DA:26,11
DA:28,11
DA:29,11
DA:31,6
DA:33,1
DA:35,1
DA:37,1
DA:39,1
DA:41,1
DA:43,0
DA:47,11
DA:50,1
DA:62,1
DA:68,1
DA:74,1
DA:80,1
DA:86,1
DA:92,1
LF:21
LH:20
BRDA:29,0,0,6
BRDA:29,0,1,1
BRDA:29,0,2,1
BRDA:29,0,3,1
BRDA:29,0,4,1
BRDA:29,0,5,1
BRDA:29,0,6,0
BRDA:49,1,0,11
BRDA:49,1,1,1
BRF:9
BRH:8
end_of_record
TN:
SF:src\pages\Client\notificaciones.js
FNF:0
FNH:0
DA:1,1
LF:1
LH:1
BRF:0
BRH:0
end_of_record
TN:
SF:src\pages\Distribuidor\DistribuidorMain.jsx
FN:16,getIdFromToken
FN:21,(anonymous_1)
FN:32,DistribuidorMain
FN:44,(anonymous_3)
FN:49,(anonymous_4)
FN:60,(anonymous_5)
FN:61,(anonymous_6)
FN:62,(anonymous_7)
FN:65,(anonymous_8)
FN:89,(anonymous_9)
FN:99,(anonymous_10)
FN:118,(anonymous_11)
FN:124,(anonymous_12)
FNF:13
FNH:8
FNDA:13,getIdFromToken
FNDA:0,(anonymous_1)
FNDA:13,DistribuidorMain
FNDA:1,(anonymous_3)
FNDA:6,(anonymous_4)
FNDA:0,(anonymous_5)
FNDA:0,(anonymous_6)
FNDA:0,(anonymous_7)
FNDA:13,(anonymous_8)
FNDA:1,(anonymous_9)
FNDA:1,(anonymous_10)
FNDA:0,(anonymous_11)
FNDA:1,(anonymous_12)
DA:13,1
DA:18,13
DA:19,13
DA:20,13
DA:21,13
DA:22,0
DA:24,0
DA:25,0
DA:27,13
DA:28,13
DA:33,13
DA:34,13
DA:35,13
DA:36,13
DA:37,13
DA:38,13
DA:39,13
DA:40,13
DA:42,13
DA:44,13
DA:45,1
DA:46,1
DA:49,13
DA:50,6
DA:51,6
DA:52,6
DA:55,0
DA:60,0
DA:61,0
DA:62,0
DA:65,13
DA:66,13
DA:68,12
DA:79,1
DA:81,0
DA:85,13
DA:90,1
DA:91,1
DA:99,1
DA:118,0
DA:124,1
LF:41
LH:32
BRDA:50,0,0,6
BRDA:50,0,1,0
BRDA:66,1,0,12
BRDA:66,1,1,1
BRDA:66,1,2,0
BRDA:87,2,0,13
BRDA:87,2,1,2
BRDA:87,2,2,1
BRDA:97,3,0,13
BRDA:97,3,1,1
BRF:10
BRH:8
end_of_record
TN:
SF:src\pages\Distribuidor\notificaciones.js
FNF:0
FNH:0
DA:1,1
LF:1
LH:1
BRF:0
BRH:0
end_of_record
TN:
SF:src\pages\Sucursal\ActualizarPedido.jsx
FN:7,ActualizarPedido
FN:10,(anonymous_1)
FN:14,(anonymous_2)
FN:56,(anonymous_3)
FNF:4
FNH:3
FNDA:4,ActualizarPedido
FNDA:3,(anonymous_1)
FNDA:2,(anonymous_2)
FNDA:0,(anonymous_3)
DA:8,4
DA:9,4
DA:10,4
DA:11,3
DA:14,4
DA:15,2
DA:16,2
DA:24,1
DA:25,1
DA:27,1
DA:28,1
DA:42,1
DA:44,0
DA:47,1
DA:49,1
DA:50,1
DA:56,4
DA:57,0
DA:60,4
LF:19
LH:17
BRF:0
BRH:0
end_of_record
TN:
SF:src\pages\Sucursal\AddOrder.jsx
FN:8,AddOrder
FN:22,(anonymous_1)
FN:26,(anonymous_2)
FN:30,(anonymous_3)
FN:46,(anonymous_4)
FN:47,(anonymous_5)
FN:69,(anonymous_6)
FN:71,(anonymous_7)
FN:91,(anonymous_8)
FN:92,(anonymous_9)
FN:95,(anonymous_10)
FN:136,(anonymous_11)
FN:139,(anonymous_12)
FN:153,(anonymous_13)
FN:157,(anonymous_14)
FN:170,(anonymous_15)
FN:172,(anonymous_16)
FN:180,(anonymous_17)
FN:184,(anonymous_18)
FNF:19
FNH:14
FNDA:32,AddOrder
FNDA:9,(anonymous_1)
FNDA:0,(anonymous_2)
FNDA:2,(anonymous_3)
FNDA:0,(anonymous_4)
FNDA:0,(anonymous_5)
FNDA:3,(anonymous_6)
FNDA:3,(anonymous_7)
FNDA:5,(anonymous_8)
FNDA:3,(anonymous_9)
FNDA:1,(anonymous_10)
FNDA:1,(anonymous_11)
FNDA:58,(anonymous_12)
FNDA:0,(anonymous_13)
FNDA:1,(anonymous_14)
FNDA:0,(anonymous_15)
FNDA:54,(anonymous_16)
FNDA:10,(anonymous_17)
FNDA:15,(anonymous_18)
DA:9,32
DA:10,32
DA:11,32
DA:12,32
DA:13,32
DA:14,32
DA:15,32
DA:16,32
DA:17,32
DA:18,32
DA:19,32
DA:20,32
DA:22,32
DA:23,9
DA:26,32
DA:27,0
DA:30,32
DA:31,2
DA:32,2
DA:33,2
DA:34,2
DA:36,0
DA:37,0
DA:38,0
DA:40,0
DA:46,0
DA:47,0
DA:54,0
DA:59,0
DA:61,0
DA:63,0
DA:64,0
DA:69,32
DA:70,3
DA:71,3
DA:72,3
DA:73,3
DA:74,3
DA:80,3
DA:81,2
DA:83,1
DA:84,1
DA:88,3
DA:91,32
DA:92,5
DA:93,5
DA:95,1
DA:96,1
DA:97,1
DA:102,1
DA:104,0
DA:105,0
DA:109,1
DA:113,32
DA:136,1
DA:140,58
DA:153,0
DA:157,1
DA:170,0
DA:173,54
DA:180,10
DA:184,15
LF:62
LH:46
BRDA:32,0,0,2
BRDA:32,0,1,0
BRDA:32,1,0,2
BRDA:32,1,1,1
BRDA:32,1,2,0
BRDA:32,1,3,0
BRDA:32,1,4,0
BRDA:32,1,5,0
BRDA:93,2,0,4
BRDA:93,2,1,1
BRF:10
BRH:5
end_of_record
TN:
SF:src\pages\Sucursal\VentasSucursal.jsx
FN:7,VentasSucursal
FN:14,(anonymous_1)
FN:18,(anonymous_2)
FN:38,(anonymous_3)
FN:43,(anonymous_4)
FN:121,(anonymous_5)
FNF:6
FNH:6
FNDA:21,VentasSucursal
FNDA:3,(anonymous_1)
FNDA:6,(anonymous_2)
FNDA:9,(anonymous_3)
FNDA:8,(anonymous_4)
FNDA:60,(anonymous_5)
DA:8,21
DA:9,20
DA:10,20
DA:11,20
DA:12,20
DA:14,20
DA:15,3
DA:18,20
DA:19,6
DA:20,6
DA:21,6
DA:22,6
DA:23,5
DA:24,5
DA:25,5
DA:27,1
DA:32,20
DA:38,20
DA:39,9
DA:40,9
DA:41,9
DA:43,8
DA:44,8
DA:45,5
DA:46,5
DA:53,2
DA:54,2
DA:55,2
DA:56,2
DA:58,3
DA:60,3
DA:61,2
DA:62,2
DA:70,2
DA:71,1
DA:72,1
DA:73,1
DA:75,1
DA:78,1
DA:79,1
DA:87,1
DA:88,0
DA:89,0
DA:90,0
DA:92,1
DA:97,8
DA:100,20
DA:122,60
LF:48
LH:45
BRDA:20,0,0,6
BRDA:20,0,1,0
BRDA:40,1,0,9
BRDA:40,1,1,0
BRDA:44,2,0,5
BRDA:44,2,1,3
BRDA:55,3,0,2
BRDA:55,3,1,1
BRDA:60,4,0,2
BRDA:60,4,1,1
BRDA:72,5,0,1
BRDA:72,5,1,0
BRDA:89,6,0,0
BRDA:89,6,1,0
BRDA:137,7,0,5
BRDA:137,7,1,15
BRF:16
BRH:11
end_of_record
TN:
SF:src\pages\Vendedor\VentasVendedor.jsx
FN:5,VentasVendedor
FN:10,(anonymous_1)
FN:17,(anonymous_2)
FN:20,(anonymous_3)
FN:49,(anonymous_4)
FN:68,(anonymous_5)
FN:69,(anonymous_6)
FNF:7
FNH:7
FNDA:11,VentasVendedor
FNDA:4,(anonymous_1)
FNDA:8,(anonymous_2)
FNDA:4,(anonymous_3)
FNDA:1,(anonymous_4)
FNDA:1,(anonymous_5)
FNDA:2,(anonymous_6)
DA:6,11
DA:7,11
DA:8,11
DA:10,11
DA:11,4
DA:12,4
DA:13,4
DA:17,11
DA:18,8
DA:20,4
DA:21,4
DA:22,4
DA:27,3
DA:29,2
DA:30,2
DA:34,4
DA:37,11
DA:49,1
DA:69,1
DA:70,2
LF:20
LH:20
BRDA:12,0,0,4
BRDA:12,0,1,0
BRDA:18,1,0,4
BRDA:18,1,1,4
BRDA:18,2,0,8
BRDA:18,2,1,4
BRDA:67,3,0,1
BRDA:67,3,1,10
BRF:8
BRH:7
end_of_record
