TN:
SF:src\About.jsx
FN:5,(anonymous_0)
FNF:1
FNH:1
FNDA:1,(anonymous_0)
DA:5,1
DA:6,1
LF:2
LH:2
BRF:0
BRH:0
end_of_record
TN:
SF:src\components\Circle.jsx
FN:1,Circle
FNF:1
FNH:1
FNDA:1,Circle
DA:2,1
LF:1
LH:1
BRF:0
BRH:0
end_of_record
TN:
SF:src\components\LoginHeader.jsx
FN:3,LoginHeader
FN:12,(anonymous_1)
FN:13,(anonymous_2)
FN:14,(anonymous_3)
FNF:4
FNH:1
FNDA:1,LoginHeader
FNDA:0,(anonymous_1)
FNDA:0,(anonymous_2)
FNDA:0,(anonymous_3)
DA:4,1
DA:6,1
DA:12,0
DA:13,0
DA:14,0
LF:5
LH:2
BRF:0
BRH:0
end_of_record
TN:
SF:src\pages\Sucursal\ActualizarPedido.jsx
FN:7,ActualizarPedido
FN:10,(anonymous_1)
FN:14,(anonymous_2)
FN:56,(anonymous_3)
FNF:4
FNH:3
FNDA:4,ActualizarPedido
FNDA:3,(anonymous_1)
FNDA:2,(anonymous_2)
FNDA:0,(anonymous_3)
DA:8,4
DA:9,4
DA:10,4
DA:11,3
DA:14,4
DA:15,2
DA:16,2
DA:24,1
DA:25,1
DA:27,1
DA:28,1
DA:42,1
DA:44,0
DA:47,1
DA:49,1
DA:50,1
DA:56,4
DA:57,0
DA:60,4
LF:19
LH:17
BRF:0
BRH:0
end_of_record
TN:
SF:src\pages\Sucursal\AddOrder.jsx
FN:8,AddOrder
FN:22,(anonymous_1)
FN:26,(anonymous_2)
FN:30,(anonymous_3)
FN:46,(anonymous_4)
FN:47,(anonymous_5)
FN:69,(anonymous_6)
FN:71,(anonymous_7)
FN:91,(anonymous_8)
FN:92,(anonymous_9)
FN:95,(anonymous_10)
FN:136,(anonymous_11)
FN:139,(anonymous_12)
FN:153,(anonymous_13)
FN:157,(anonymous_14)
FN:170,(anonymous_15)
FN:172,(anonymous_16)
FN:180,(anonymous_17)
FN:184,(anonymous_18)
FNF:19
FNH:14
FNDA:32,AddOrder
FNDA:9,(anonymous_1)
FNDA:0,(anonymous_2)
FNDA:2,(anonymous_3)
FNDA:0,(anonymous_4)
FNDA:0,(anonymous_5)
FNDA:3,(anonymous_6)
FNDA:3,(anonymous_7)
FNDA:5,(anonymous_8)
FNDA:3,(anonymous_9)
FNDA:1,(anonymous_10)
FNDA:1,(anonymous_11)
FNDA:58,(anonymous_12)
FNDA:0,(anonymous_13)
FNDA:1,(anonymous_14)
FNDA:0,(anonymous_15)
FNDA:54,(anonymous_16)
FNDA:10,(anonymous_17)
FNDA:15,(anonymous_18)
DA:9,32
DA:10,32
DA:11,32
DA:12,32
DA:13,32
DA:14,32
DA:15,32
DA:16,32
DA:17,32
DA:18,32
DA:19,32
DA:20,32
DA:22,32
DA:23,9
DA:26,32
DA:27,0
DA:30,32
DA:31,2
DA:32,2
DA:33,2
DA:34,2
DA:36,0
DA:37,0
DA:38,0
DA:40,0
DA:46,0
DA:47,0
DA:54,0
DA:59,0
DA:61,0
DA:63,0
DA:64,0
DA:69,32
DA:70,3
DA:71,3
DA:72,3
DA:73,3
DA:74,3
DA:80,3
DA:81,2
DA:83,1
DA:84,1
DA:88,3
DA:91,32
DA:92,5
DA:93,5
DA:95,1
DA:96,1
DA:97,1
DA:102,1
DA:104,0
DA:105,0
DA:109,1
DA:113,32
DA:136,1
DA:140,58
DA:153,0
DA:157,1
DA:170,0
DA:173,54
DA:180,10
DA:184,15
LF:62
LH:46
BRDA:32,0,0,2
BRDA:32,0,1,0
BRDA:32,1,0,2
BRDA:32,1,1,1
BRDA:32,1,2,0
BRDA:32,1,3,0
BRDA:32,1,4,0
BRDA:32,1,5,0
BRDA:93,2,0,4
BRDA:93,2,1,1
BRF:10
BRH:5
end_of_record
